This file contains any messages produced by compilers while
running configure, to aid debugging if configure makes a mistake.

It was created by configure, which was
generated by GNU Autoconf 2.68.  Invocation command line was

  $ ./configure --build=x86_64-linux-gnu --prefix=/usr --includedir=${prefix}/include --mandir=${prefix}/share/man --infodir=${prefix}/share/info --sysconfdir=/etc --localstatedir=/var --disable-silent-rules --libdir=${prefix}/lib/x86_64-linux-gnu --libexecdir=${prefix}/lib/x86_64-linux-gnu --disable-maintainer-mode --disable-dependency-tracking

## --------- ##
## Platform. ##
## --------- ##

hostname = server
uname -m = x86_64
uname -r = 4.18.0-2-amd64
uname -s = Linux
uname -v = #1 SMP Debian 4.18.10-2 (2018-11-02)

/usr/bin/uname -p = unknown
/bin/uname -X     = unknown

/bin/arch              = unknown
/usr/bin/arch -k       = unknown
/usr/convex/getsysinfo = unknown
/usr/bin/hostinfo      = unknown
/bin/machine           = unknown
/usr/bin/oslevel       = unknown
/bin/universe          = unknown

PATH: /opt/intel/compilers_and_libraries/linux/pkg_bin/intel64
PATH: /opt/intel/parallel_studio_xe_2019/bin
PATH: /usr/sbin
PATH: /usr/bin
PATH: /sbin
PATH: /bin
PATH: /usr/bin/X11


## ----------- ##
## Core tests. ##
## ----------- ##

configure:2081: checking for 
configure:2108: result: ccache icc
configure:2116: checking whether we are using GNU C
Front end time                       0.00 (CPU)       0.00 (elapsed)
Total compilation time               0.01 (CPU)       0.00 (elapsed)
configure:2132: result: yes
configure:2440: checking for C compiler version
configure:2449: ccache icc --version >&5
icc (ICC) 19.0.1.144 20181018
Copyright (C) 1985-2018 Intel Corporation.  All rights reserved.

configure:2460: $? = 0
configure:2449: ccache icc -v >&5
icc version 19.0.1.144 (gcc version 8.2.0 compatibility)
icc: warning #10013: no objects specified for multi-file optimization
/usr/bin/x86_64-linux-gnu-ld    /usr/lib/x86_64-linux-gnu/crt1.o /usr/lib/x86_64-linux-gnu/crti.o /usr/lib/gcc/x86_64-linux-gnu/8/crtbegin.o --eh-frame-hdr --build-id -dynamic-linker /lib64/ld-linux-x86-64.so.2 -m elf_x86_64 -o a.out -L/opt/intel/tbb/lib/intel64/gcc4.7 -L/opt/intel/compilers_and_libraries_2019.1.144/linux/compiler/lib/intel64_lin -L/opt/intel/compilers_and_libraries_2019.1.144/linux/tbb/lib/intel64_lin/gcc4.7 -L/opt/intel/compilers_and_libraries_2019.1.144/linux/mpi/intel64/libfabric/lib -L/usr/lib/gcc/x86_64-linux-gnu/8 -L/usr/lib/x86_64-linux-gnu -L/usr/lib -L/lib/x86_64-linux-gnu -L/lib64 -L/lib --as-needed --gc-sections --relax -Bdynamic -Bstatic -limf -lsvml -lirng -lmatmul -Bdynamic -lm -Bstatic -lipgo -ldecimal -Bdynamic -liomp5 --as-needed -lcilkrts -lstdc++ --no-as-needed -lgcc -lgcc_s -Bstatic -lirc -Bdynamic -lpthread -Bstatic -lsvml -Bdynamic -lc -lgcc -lgcc_s -Bstatic -lirc_s -Bdynamic -ldl -lc /usr/lib/gcc/x86_64-linux-gnu/8/crtend.o /usr/lib/x86_64-linux-gnu/crtn.o
/usr/bin/x86_64-linux-gnu-ld: /usr/lib/x86_64-linux-gnu/crt1.o: in function `_start':
(.text+0x20): undefined reference to `main'
configure:2460: $? = 1
configure:2449: ccache icc -V >&5
GNU ld (GNU Binutils for Debian) 2.31.1
Intel(R) C Intel(R) 64 Compiler for applications running on Intel(R) 64, Version 19.0.1.144 Build 20181018
Copyright (C) 1985-2018 Intel Corporation.  All rights reserved.

icc: warning #10013: no objects specified for multi-file optimization
/usr/bin/x86_64-linux-gnu-ld: /usr/lib/x86_64-linux-gnu/crt1.o: in function `_start':
(.text+0x20): undefined reference to `main'
configure:2460: $? = 1
configure:2449: ccache icc -qversion >&5
icc: command line warning #10006: ignoring unknown option '-qversion'
icc: warning #10013: no objects specified for multi-file optimization
/usr/bin/x86_64-linux-gnu-ld: /usr/lib/x86_64-linux-gnu/crt1.o: in function `_start':
(.text+0x20): undefined reference to `main'
configure:2460: $? = 1
configure:2480: checking whether the C compiler works
configure:2502: ccache icc -g -O2 -fdebug-prefix-map=/dev/shm/mawk/mawk-1.3.3=. -Wformat -march=native -pipe -fstack-security-check -Wformat-security -Wdate-time -D_FORTIFY_SOURCE=2 -Wl,-z,relro -Wl,--as-needed,--gc-sections,--relax conftest.c  >&5
icc: command line warning #10006: ignoring unknown option '-fdebug-prefix-map=/dev/shm/mawk/mawk-1.3.3=.'
Front end time                       0.00 (CPU)       0.00 (elapsed)
Back end time                        0.01 (CPU)       0.00 (elapsed)
Total compilation time               0.01 (CPU)       0.00 (elapsed)
configure:2506: $? = 0
configure:2554: result: yes
configure:2557: checking for C compiler default output file name
configure:2559: result: a.out
configure:2565: checking for suffix of executables
configure:2572: ccache icc -o conftest -g -O2 -fdebug-prefix-map=/dev/shm/mawk/mawk-1.3.3=. -Wformat -march=native -pipe -fstack-security-check -Wformat-security -Wdate-time -D_FORTIFY_SOURCE=2 -Wl,-z,relro -Wl,--as-needed,--gc-sections,--relax conftest.c  >&5
icc: command line warning #10006: ignoring unknown option '-fdebug-prefix-map=/dev/shm/mawk/mawk-1.3.3=.'
Front end time                       0.00 (CPU)       0.00 (elapsed)
Back end time                        0.01 (CPU)       0.00 (elapsed)
Total compilation time               0.01 (CPU)       0.00 (elapsed)
configure:2576: $? = 0
configure:2598: result: 
configure:2620: checking whether we are cross compiling
configure:2628: ccache icc -o conftest -g -O2 -fdebug-prefix-map=/dev/shm/mawk/mawk-1.3.3=. -Wformat -march=native -pipe -fstack-security-check -Wformat-security -Wdate-time -D_FORTIFY_SOURCE=2 -Wl,-z,relro -Wl,--as-needed,--gc-sections,--relax conftest.c  >&5
icc: command line warning #10006: ignoring unknown option '-fdebug-prefix-map=/dev/shm/mawk/mawk-1.3.3=.'
Front end time                       0.02 (CPU)       0.00 (elapsed)
Back end time                        0.01 (CPU)       0.00 (elapsed)
Total compilation time               0.03 (CPU)       0.00 (elapsed)
configure:2632: $? = 0
configure:2639: ./conftest
configure:2643: $? = 0
configure:2658: result: no
configure:2663: checking for suffix of object files
configure:2685: ccache icc -c -g -O2 -fdebug-prefix-map=/dev/shm/mawk/mawk-1.3.3=. -Wformat -march=native -pipe -fstack-security-check -Wformat-security -Wdate-time -D_FORTIFY_SOURCE=2 conftest.c >&5
icc: command line warning #10006: ignoring unknown option '-fdebug-prefix-map=/dev/shm/mawk/mawk-1.3.3=.'
Front end time                       0.00 (CPU)       0.00 (elapsed)
Back end time                        0.01 (CPU)       0.00 (elapsed)
Total compilation time               0.01 (CPU)       0.00 (elapsed)
configure:2689: $? = 0
configure:2710: result: o
configure:2714: checking whether we are using the GNU C compiler
configure:2742: result: yes
configure:2751: checking whether ccache icc accepts -g
configure:2771: ccache icc -c -g -Wdate-time -D_FORTIFY_SOURCE=2 conftest.c >&5
Front end time                       0.00 (CPU)       0.00 (elapsed)
Back end time                        0.01 (CPU)       0.00 (elapsed)
Total compilation time               0.01 (CPU)       0.00 (elapsed)
configure:2771: $? = 0
configure: failed program was:
| /* confdefs.h */
| #define PACKAGE_NAME ""
| #define PACKAGE_TARNAME ""
| #define PACKAGE_VERSION ""
| #define PACKAGE_STRING ""
| #define PACKAGE_BUGREPORT ""
| #define PACKAGE_URL ""
| /* end confdefs.h.  */
| 
| int
| main ()
| {
| 
|   ;
|   return 0;
| }
configure:2786: ccache icc -c  -Wdate-time -D_FORTIFY_SOURCE=2 conftest.c >&5
Front end time                       0.00 (CPU)       0.00 (elapsed)
Back end time                        0.01 (CPU)       0.00 (elapsed)
Total compilation time               0.01 (CPU)       0.00 (elapsed)
configure:2786: $? = 0
configure: failed program was:
| /* confdefs.h */
| #define PACKAGE_NAME ""
| #define PACKAGE_TARNAME ""
| #define PACKAGE_VERSION ""
| #define PACKAGE_STRING ""
| #define PACKAGE_BUGREPORT ""
| #define PACKAGE_URL ""
| /* end confdefs.h.  */
| 
| int
| main ()
| {
| 
|   ;
|   return 0;
| }
configure:2802: ccache icc -c -g -Wdate-time -D_FORTIFY_SOURCE=2 conftest.c >&5
Front end time                       0.00 (CPU)       0.00 (elapsed)
Back end time                        0.01 (CPU)       0.00 (elapsed)
Total compilation time               0.01 (CPU)       0.00 (elapsed)
configure:2802: $? = 0
configure:2812: result: yes
configure:2829: checking for ccache icc option to accept ISO C89
configure:2893: ccache icc  -c -g -O2 -fdebug-prefix-map=/dev/shm/mawk/mawk-1.3.3=. -Wformat -march=native -pipe -fstack-security-check -Wformat-security -Wdate-time -D_FORTIFY_SOURCE=2 conftest.c >&5
icc: command line warning #10006: ignoring unknown option '-fdebug-prefix-map=/dev/shm/mawk/mawk-1.3.3=.'
Front end time                       0.03 (CPU)       0.00 (elapsed)
Back end time                        0.01 (CPU)       0.00 (elapsed)
Total compilation time               0.04 (CPU)       0.00 (elapsed)
configure:2893: $? = 0
configure:2906: result: none needed
configure:2931: checking how to run the C preprocessor
configure:3001: result: ccache icc -E
configure:3021: ccache icc -E -Wdate-time -D_FORTIFY_SOURCE=2 conftest.c
Front end time                       0.01 (CPU)       0.00 (elapsed)
Total compilation time               0.01 (CPU)       0.00 (elapsed)
configure:3021: $? = 0
configure:3035: ccache icc -E -Wdate-time -D_FORTIFY_SOURCE=2 conftest.c
conftest.c(9): error #2379: cannot open source file "ac_nonexistent.h"
  #include <ac_nonexistent.h>
                             ^

Front end time                       0.00 (CPU)       0.00 (elapsed)
Total compilation time               0.01 (CPU)       0.00 (elapsed)
configure:3035: $? = 2
configure: failed program was:
| /* confdefs.h */
| #define PACKAGE_NAME ""
| #define PACKAGE_TARNAME ""
| #define PACKAGE_VERSION ""
| #define PACKAGE_STRING ""
| #define PACKAGE_BUGREPORT ""
| #define PACKAGE_URL ""
| /* end confdefs.h.  */
| #include <ac_nonexistent.h>
configure:3068: checking for log in -lm
configure:3093: ccache icc -o conftest -g -O2 -fdebug-prefix-map=/dev/shm/mawk/mawk-1.3.3=. -Wformat -march=native -pipe -fstack-security-check -Wformat-security -Wdate-time -D_FORTIFY_SOURCE=2 -Wl,-z,relro -Wl,--as-needed,--gc-sections,--relax conftest.c -lm   >&5
icc: command line warning #10006: ignoring unknown option '-fdebug-prefix-map=/dev/shm/mawk/mawk-1.3.3=.'
Front end time                       0.00 (CPU)       0.00 (elapsed)
Back end time                        0.01 (CPU)       0.00 (elapsed)
Total compilation time               0.01 (CPU)       0.00 (elapsed)
configure:3093: $? = 0
configure:3102: result: yes
configure:3126: checking for byacc
configure:3156: result: no
configure:3126: checking for bison
configure:3142: found /usr/bin/bison
configure:3153: result: bison
configure:3165: checking compiler supports void*
configure:3179: ccache icc -c -g -O2 -fdebug-prefix-map=/dev/shm/mawk/mawk-1.3.3=. -Wformat -march=native -pipe -fstack-security-check -Wformat-security -Wdate-time -D_FORTIFY_SOURCE=2 conftest.c >&5
icc: command line warning #10006: ignoring unknown option '-fdebug-prefix-map=/dev/shm/mawk/mawk-1.3.3=.'
Front end time                       0.01 (CPU)       0.00 (elapsed)
Back end time                        0.00 (CPU)       0.00 (elapsed)
Total compilation time               0.01 (CPU)       0.00 (elapsed)
configure:3179: $? = 0
configure:3185: result: yes
configure:3188: checking compiler groks prototypes
configure:3201: ccache icc -c -g -O2 -fdebug-prefix-map=/dev/shm/mawk/mawk-1.3.3=. -Wformat -march=native -pipe -fstack-security-check -Wformat-security -Wdate-time -D_FORTIFY_SOURCE=2 conftest.c >&5
icc: command line warning #10006: ignoring unknown option '-fdebug-prefix-map=/dev/shm/mawk/mawk-1.3.3=.'
Front end time                       0.00 (CPU)       0.00 (elapsed)
Back end time                        0.01 (CPU)       0.00 (elapsed)
Total compilation time               0.01 (CPU)       0.00 (elapsed)
configure:3201: $? = 0
configure:3207: result: yes
configure:3210: checking for an ANSI C-conforming const
configure:3275: ccache icc -c -g -O2 -fdebug-prefix-map=/dev/shm/mawk/mawk-1.3.3=. -Wformat -march=native -pipe -fstack-security-check -Wformat-security -Wdate-time -D_FORTIFY_SOURCE=2 conftest.c >&5
icc: command line warning #10006: ignoring unknown option '-fdebug-prefix-map=/dev/shm/mawk/mawk-1.3.3=.'
Front end time                       0.01 (CPU)       0.00 (elapsed)
Back end time                        0.01 (CPU)       0.00 (elapsed)
Total compilation time               0.01 (CPU)       0.00 (elapsed)
configure:3275: $? = 0
configure:3282: result: yes
configure:3294: checking for grep that handles long lines and -e
configure:3352: result: /bin/grep
configure:3357: checking for egrep
configure:3419: result: /bin/grep -E
configure:3424: checking for ANSI C header files
configure:3444: ccache icc -c -g -O2 -fdebug-prefix-map=/dev/shm/mawk/mawk-1.3.3=. -Wformat -march=native -pipe -fstack-security-check -Wformat-security -Wdate-time -D_FORTIFY_SOURCE=2 conftest.c >&5
icc: command line warning #10006: ignoring unknown option '-fdebug-prefix-map=/dev/shm/mawk/mawk-1.3.3=.'
Front end time                       0.04 (CPU)       0.00 (elapsed)
Back end time                        0.01 (CPU)       0.00 (elapsed)
Total compilation time               0.04 (CPU)       0.00 (elapsed)
configure:3444: $? = 0
Front end time                       0.01 (CPU)       0.00 (elapsed)
Total compilation time               0.01 (CPU)       0.00 (elapsed)
Front end time                       0.02 (CPU)       0.00 (elapsed)
Total compilation time               0.02 (CPU)       0.00 (elapsed)
configure:3517: ccache icc -o conftest -g -O2 -fdebug-prefix-map=/dev/shm/mawk/mawk-1.3.3=. -Wformat -march=native -pipe -fstack-security-check -Wformat-security -Wdate-time -D_FORTIFY_SOURCE=2 -Wl,-z,relro -Wl,--as-needed,--gc-sections,--relax conftest.c  -lm >&5
icc: command line warning #10006: ignoring unknown option '-fdebug-prefix-map=/dev/shm/mawk/mawk-1.3.3=.'
Front end time                       0.03 (CPU)       0.00 (elapsed)
Back end time                        0.01 (CPU)       0.00 (elapsed)
Total compilation time               0.04 (CPU)       0.00 (elapsed)
configure:3517: $? = 0
configure:3517: ./conftest
configure:3517: $? = 0
configure:3528: result: yes
configure:3541: checking for sys/types.h
configure:3541: ccache icc -c -g -O2 -fdebug-prefix-map=/dev/shm/mawk/mawk-1.3.3=. -Wformat -march=native -pipe -fstack-security-check -Wformat-security -Wdate-time -D_FORTIFY_SOURCE=2 conftest.c >&5
icc: command line warning #10006: ignoring unknown option '-fdebug-prefix-map=/dev/shm/mawk/mawk-1.3.3=.'
Front end time                       0.04 (CPU)       0.00 (elapsed)
Back end time                        0.01 (CPU)       0.00 (elapsed)
Total compilation time               0.05 (CPU)       0.00 (elapsed)
configure:3541: $? = 0
configure:3541: result: yes
configure:3541: checking for sys/stat.h
configure:3541: ccache icc -c -g -O2 -fdebug-prefix-map=/dev/shm/mawk/mawk-1.3.3=. -Wformat -march=native -pipe -fstack-security-check -Wformat-security -Wdate-time -D_FORTIFY_SOURCE=2 conftest.c >&5
icc: command line warning #10006: ignoring unknown option '-fdebug-prefix-map=/dev/shm/mawk/mawk-1.3.3=.'
Front end time                       0.04 (CPU)       0.00 (elapsed)
Back end time                        0.01 (CPU)       0.00 (elapsed)
Total compilation time               0.05 (CPU)       0.00 (elapsed)
configure:3541: $? = 0
configure:3541: result: yes
configure:3541: checking for stdlib.h
configure:3541: ccache icc -c -g -O2 -fdebug-prefix-map=/dev/shm/mawk/mawk-1.3.3=. -Wformat -march=native -pipe -fstack-security-check -Wformat-security -Wdate-time -D_FORTIFY_SOURCE=2 conftest.c >&5
icc: command line warning #10006: ignoring unknown option '-fdebug-prefix-map=/dev/shm/mawk/mawk-1.3.3=.'
Front end time                       0.04 (CPU)       0.00 (elapsed)
Back end time                        0.01 (CPU)       0.00 (elapsed)
Total compilation time               0.05 (CPU)       0.00 (elapsed)
configure:3541: $? = 0
configure:3541: result: yes
configure:3541: checking for string.h
configure:3541: ccache icc -c -g -O2 -fdebug-prefix-map=/dev/shm/mawk/mawk-1.3.3=. -Wformat -march=native -pipe -fstack-security-check -Wformat-security -Wdate-time -D_FORTIFY_SOURCE=2 conftest.c >&5
icc: command line warning #10006: ignoring unknown option '-fdebug-prefix-map=/dev/shm/mawk/mawk-1.3.3=.'
Front end time                       0.05 (CPU)       1.00 (elapsed)
Back end time                        0.01 (CPU)       0.00 (elapsed)
Total compilation time               0.06 (CPU)       1.00 (elapsed)
configure:3541: $? = 0
configure:3541: result: yes
configure:3541: checking for memory.h
configure:3541: ccache icc -c -g -O2 -fdebug-prefix-map=/dev/shm/mawk/mawk-1.3.3=. -Wformat -march=native -pipe -fstack-security-check -Wformat-security -Wdate-time -D_FORTIFY_SOURCE=2 conftest.c >&5
icc: command line warning #10006: ignoring unknown option '-fdebug-prefix-map=/dev/shm/mawk/mawk-1.3.3=.'
Front end time                       0.05 (CPU)       0.00 (elapsed)
Back end time                        0.01 (CPU)       0.00 (elapsed)
Total compilation time               0.06 (CPU)       0.00 (elapsed)
configure:3541: $? = 0
configure:3541: result: yes
configure:3541: checking for strings.h
configure:3541: ccache icc -c -g -O2 -fdebug-prefix-map=/dev/shm/mawk/mawk-1.3.3=. -Wformat -march=native -pipe -fstack-security-check -Wformat-security -Wdate-time -D_FORTIFY_SOURCE=2 conftest.c >&5
icc: command line warning #10006: ignoring unknown option '-fdebug-prefix-map=/dev/shm/mawk/mawk-1.3.3=.'
Front end time                       0.05 (CPU)       0.00 (elapsed)
Back end time                        0.01 (CPU)       0.00 (elapsed)
Total compilation time               0.06 (CPU)       0.00 (elapsed)
configure:3541: $? = 0
configure:3541: result: yes
configure:3541: checking for inttypes.h
configure:3541: ccache icc -c -g -O2 -fdebug-prefix-map=/dev/shm/mawk/mawk-1.3.3=. -Wformat -march=native -pipe -fstack-security-check -Wformat-security -Wdate-time -D_FORTIFY_SOURCE=2 conftest.c >&5
icc: command line warning #10006: ignoring unknown option '-fdebug-prefix-map=/dev/shm/mawk/mawk-1.3.3=.'
Front end time                       0.05 (CPU)       0.00 (elapsed)
Back end time                        0.01 (CPU)       0.00 (elapsed)
Total compilation time               0.06 (CPU)       0.00 (elapsed)
configure:3541: $? = 0
configure:3541: result: yes
configure:3541: checking for stdint.h
configure:3541: ccache icc -c -g -O2 -fdebug-prefix-map=/dev/shm/mawk/mawk-1.3.3=. -Wformat -march=native -pipe -fstack-security-check -Wformat-security -Wdate-time -D_FORTIFY_SOURCE=2 conftest.c >&5
icc: command line warning #10006: ignoring unknown option '-fdebug-prefix-map=/dev/shm/mawk/mawk-1.3.3=.'
Front end time                       0.05 (CPU)       0.00 (elapsed)
Back end time                        0.01 (CPU)       0.00 (elapsed)
Total compilation time               0.06 (CPU)       0.00 (elapsed)
configure:3541: $? = 0
configure:3541: result: yes
configure:3541: checking for unistd.h
configure:3541: ccache icc -c -g -O2 -fdebug-prefix-map=/dev/shm/mawk/mawk-1.3.3=. -Wformat -march=native -pipe -fstack-security-check -Wformat-security -Wdate-time -D_FORTIFY_SOURCE=2 conftest.c >&5
icc: command line warning #10006: ignoring unknown option '-fdebug-prefix-map=/dev/shm/mawk/mawk-1.3.3=.'
Front end time                       0.07 (CPU)       0.00 (elapsed)
Back end time                        0.01 (CPU)       0.00 (elapsed)
Total compilation time               0.08 (CPU)       0.00 (elapsed)
configure:3541: $? = 0
configure:3541: result: yes
configure:3553: checking stddef.h usability
configure:3553: ccache icc -c -g -O2 -fdebug-prefix-map=/dev/shm/mawk/mawk-1.3.3=. -Wformat -march=native -pipe -fstack-security-check -Wformat-security -Wdate-time -D_FORTIFY_SOURCE=2 conftest.c >&5
icc: command line warning #10006: ignoring unknown option '-fdebug-prefix-map=/dev/shm/mawk/mawk-1.3.3=.'
Front end time                       0.07 (CPU)       0.00 (elapsed)
Back end time                        0.01 (CPU)       0.00 (elapsed)
Total compilation time               0.08 (CPU)       0.00 (elapsed)
configure:3553: $? = 0
configure:3553: result: yes
configure:3553: checking stddef.h presence
configure:3553: ccache icc -E -Wdate-time -D_FORTIFY_SOURCE=2 conftest.c
Front end time                       0.00 (CPU)       0.00 (elapsed)
Total compilation time               0.01 (CPU)       0.00 (elapsed)
configure:3553: $? = 0
configure:3553: result: yes
configure:3553: checking for stddef.h
configure:3553: result: yes
configure:3573: ccache icc -c -g -O2 -fdebug-prefix-map=/dev/shm/mawk/mawk-1.3.3=. -Wformat -march=native -pipe -fstack-security-check -Wformat-security -Wdate-time -D_FORTIFY_SOURCE=2 conftest.c >&5
icc: command line warning #10006: ignoring unknown option '-fdebug-prefix-map=/dev/shm/mawk/mawk-1.3.3=.'
Front end time                       0.01 (CPU)       0.00 (elapsed)
Back end time                        0.00 (CPU)       0.00 (elapsed)
Total compilation time               0.01 (CPU)       0.00 (elapsed)
configure:3573: $? = 0
configure:3609: checking fcntl.h usability
configure:3609: ccache icc -c -g -O2 -fdebug-prefix-map=/dev/shm/mawk/mawk-1.3.3=. -Wformat -march=native -pipe -fstack-security-check -Wformat-security -Wdate-time -D_FORTIFY_SOURCE=2 conftest.c >&5
icc: command line warning #10006: ignoring unknown option '-fdebug-prefix-map=/dev/shm/mawk/mawk-1.3.3=.'
Front end time                       0.07 (CPU)       0.00 (elapsed)
Back end time                        0.01 (CPU)       0.00 (elapsed)
Total compilation time               0.08 (CPU)       0.00 (elapsed)
configure:3609: $? = 0
configure:3609: result: yes
configure:3609: checking fcntl.h presence
configure:3609: ccache icc -E -Wdate-time -D_FORTIFY_SOURCE=2 conftest.c
Front end time                       0.01 (CPU)       0.00 (elapsed)
Total compilation time               0.01 (CPU)       0.00 (elapsed)
configure:3609: $? = 0
configure:3609: result: yes
configure:3609: checking for fcntl.h
configure:3609: result: yes
configure:3619: checking errno.h usability
configure:3619: ccache icc -c -g -O2 -fdebug-prefix-map=/dev/shm/mawk/mawk-1.3.3=. -Wformat -march=native -pipe -fstack-security-check -Wformat-security -Wdate-time -D_FORTIFY_SOURCE=2 conftest.c >&5
icc: command line warning #10006: ignoring unknown option '-fdebug-prefix-map=/dev/shm/mawk/mawk-1.3.3=.'
Front end time                       0.07 (CPU)       0.00 (elapsed)
Back end time                        0.01 (CPU)       0.00 (elapsed)
Total compilation time               0.08 (CPU)       0.00 (elapsed)
configure:3619: $? = 0
configure:3619: result: yes
configure:3619: checking errno.h presence
configure:3619: ccache icc -E -Wdate-time -D_FORTIFY_SOURCE=2 conftest.c
Front end time                       0.01 (CPU)       0.00 (elapsed)
Total compilation time               0.01 (CPU)       0.00 (elapsed)
configure:3619: $? = 0
configure:3619: result: yes
configure:3619: checking for errno.h
configure:3619: result: yes
configure:3629: checking time.h usability
configure:3629: ccache icc -c -g -O2 -fdebug-prefix-map=/dev/shm/mawk/mawk-1.3.3=. -Wformat -march=native -pipe -fstack-security-check -Wformat-security -Wdate-time -D_FORTIFY_SOURCE=2 conftest.c >&5
icc: command line warning #10006: ignoring unknown option '-fdebug-prefix-map=/dev/shm/mawk/mawk-1.3.3=.'
Front end time                       0.07 (CPU)       0.00 (elapsed)
Back end time                        0.01 (CPU)       0.00 (elapsed)
Total compilation time               0.08 (CPU)       0.00 (elapsed)
configure:3629: $? = 0
configure:3629: result: yes
configure:3629: checking time.h presence
configure:3629: ccache icc -E -Wdate-time -D_FORTIFY_SOURCE=2 conftest.c
Front end time                       0.01 (CPU)       0.00 (elapsed)
Total compilation time               0.01 (CPU)       0.00 (elapsed)
configure:3629: $? = 0
configure:3629: result: yes
configure:3629: checking for time.h
configure:3629: result: yes
configure:3639: checking stdarg.h usability
configure:3639: ccache icc -c -g -O2 -fdebug-prefix-map=/dev/shm/mawk/mawk-1.3.3=. -Wformat -march=native -pipe -fstack-security-check -Wformat-security -Wdate-time -D_FORTIFY_SOURCE=2 conftest.c >&5
icc: command line warning #10006: ignoring unknown option '-fdebug-prefix-map=/dev/shm/mawk/mawk-1.3.3=.'
Front end time                       0.07 (CPU)       0.00 (elapsed)
Back end time                        0.01 (CPU)       0.00 (elapsed)
Total compilation time               0.08 (CPU)       0.00 (elapsed)
configure:3639: $? = 0
configure:3639: result: yes
configure:3639: checking stdarg.h presence
configure:3639: ccache icc -E -Wdate-time -D_FORTIFY_SOURCE=2 conftest.c
Front end time                       0.00 (CPU)       0.00 (elapsed)
Total compilation time               0.01 (CPU)       0.00 (elapsed)
configure:3639: $? = 0
configure:3639: result: yes
configure:3639: checking for stdarg.h
configure:3639: result: yes
configure:3649: checking for memcpy
configure:3649: ccache icc -o conftest -g -O2 -fdebug-prefix-map=/dev/shm/mawk/mawk-1.3.3=. -Wformat -march=native -pipe -fstack-security-check -Wformat-security -Wdate-time -D_FORTIFY_SOURCE=2 -Wl,-z,relro -Wl,--as-needed,--gc-sections,--relax conftest.c  -lm >&5
icc: command line warning #10006: ignoring unknown option '-fdebug-prefix-map=/dev/shm/mawk/mawk-1.3.3=.'
Front end time                       0.01 (CPU)       0.00 (elapsed)
Back end time                        0.01 (CPU)       0.00 (elapsed)
Total compilation time               0.02 (CPU)       0.00 (elapsed)
configure:3649: $? = 0
configure:3649: result: yes
configure:3658: checking for strchr
configure:3658: ccache icc -o conftest -g -O2 -fdebug-prefix-map=/dev/shm/mawk/mawk-1.3.3=. -Wformat -march=native -pipe -fstack-security-check -Wformat-security -Wdate-time -D_FORTIFY_SOURCE=2 -Wl,-z,relro -Wl,--as-needed,--gc-sections,--relax conftest.c  -lm >&5
icc: command line warning #10006: ignoring unknown option '-fdebug-prefix-map=/dev/shm/mawk/mawk-1.3.3=.'
Front end time                       0.01 (CPU)       0.00 (elapsed)
Back end time                        0.01 (CPU)       0.00 (elapsed)
Total compilation time               0.02 (CPU)       0.00 (elapsed)
configure:3658: $? = 0
configure:3658: result: yes
configure:3667: checking for strerror
configure:3667: ccache icc -o conftest -g -O2 -fdebug-prefix-map=/dev/shm/mawk/mawk-1.3.3=. -Wformat -march=native -pipe -fstack-security-check -Wformat-security -Wdate-time -D_FORTIFY_SOURCE=2 -Wl,-z,relro -Wl,--as-needed,--gc-sections,--relax conftest.c  -lm >&5
icc: command line warning #10006: ignoring unknown option '-fdebug-prefix-map=/dev/shm/mawk/mawk-1.3.3=.'
Front end time                       0.01 (CPU)       0.00 (elapsed)
Back end time                        0.01 (CPU)       0.00 (elapsed)
Total compilation time               0.02 (CPU)       0.00 (elapsed)
configure:3667: $? = 0
configure:3667: result: yes
configure:3676: checking for vfprintf
configure:3676: ccache icc -o conftest -g -O2 -fdebug-prefix-map=/dev/shm/mawk/mawk-1.3.3=. -Wformat -march=native -pipe -fstack-security-check -Wformat-security -Wdate-time -D_FORTIFY_SOURCE=2 -Wl,-z,relro -Wl,--as-needed,--gc-sections,--relax conftest.c  -lm >&5
icc: command line warning #10006: ignoring unknown option '-fdebug-prefix-map=/dev/shm/mawk/mawk-1.3.3=.'
Front end time                       0.01 (CPU)       0.00 (elapsed)
Back end time                        0.00 (CPU)       0.00 (elapsed)
Total compilation time               0.02 (CPU)       0.00 (elapsed)
configure:3676: $? = 0
configure:3676: result: yes
configure:3685: checking for strtod
configure:3685: ccache icc -o conftest -g -O2 -fdebug-prefix-map=/dev/shm/mawk/mawk-1.3.3=. -Wformat -march=native -pipe -fstack-security-check -Wformat-security -Wdate-time -D_FORTIFY_SOURCE=2 -Wl,-z,relro -Wl,--as-needed,--gc-sections,--relax conftest.c  -lm >&5
icc: command line warning #10006: ignoring unknown option '-fdebug-prefix-map=/dev/shm/mawk/mawk-1.3.3=.'
Front end time                       0.01 (CPU)       0.00 (elapsed)
Back end time                        0.00 (CPU)       0.00 (elapsed)
Total compilation time               0.01 (CPU)       0.00 (elapsed)
configure:3685: $? = 0
configure:3685: result: yes
configure:3694: checking for fmod
configure:3694: ccache icc -o conftest -g -O2 -fdebug-prefix-map=/dev/shm/mawk/mawk-1.3.3=. -Wformat -march=native -pipe -fstack-security-check -Wformat-security -Wdate-time -D_FORTIFY_SOURCE=2 -Wl,-z,relro -Wl,--as-needed,--gc-sections,--relax conftest.c  -lm >&5
icc: command line warning #10006: ignoring unknown option '-fdebug-prefix-map=/dev/shm/mawk/mawk-1.3.3=.'
Front end time                       0.01 (CPU)       0.00 (elapsed)
Back end time                        0.01 (CPU)       0.00 (elapsed)
Total compilation time               0.02 (CPU)       0.00 (elapsed)
configure:3694: $? = 0
configure:3694: result: yes
configure:3703: checking for matherr
configure:3703: ccache icc -o conftest -g -O2 -fdebug-prefix-map=/dev/shm/mawk/mawk-1.3.3=. -Wformat -march=native -pipe -fstack-security-check -Wformat-security -Wdate-time -D_FORTIFY_SOURCE=2 -Wl,-z,relro -Wl,--as-needed,--gc-sections,--relax conftest.c  -lm >&5
icc: command line warning #10006: ignoring unknown option '-fdebug-prefix-map=/dev/shm/mawk/mawk-1.3.3=.'
Front end time                       0.01 (CPU)       0.00 (elapsed)
Back end time                        0.01 (CPU)       0.00 (elapsed)
Total compilation time               0.02 (CPU)       0.00 (elapsed)
configure:3703: $? = 0
configure:3703: result: yes
Front end time                       0.01 (CPU)       0.00 (elapsed)
Total compilation time               0.02 (CPU)       0.00 (elapsed)
Front end time                       0.01 (CPU)       0.00 (elapsed)
Total compilation time               0.02 (CPU)       0.00 (elapsed)
configure:3742: checking limits.h usability
configure:3742: ccache icc -c -g -O2 -fdebug-prefix-map=/dev/shm/mawk/mawk-1.3.3=. -Wformat -march=native -pipe -fstack-security-check -Wformat-security -Wdate-time -D_FORTIFY_SOURCE=2 conftest.c >&5
icc: command line warning #10006: ignoring unknown option '-fdebug-prefix-map=/dev/shm/mawk/mawk-1.3.3=.'
Front end time                       0.07 (CPU)       0.00 (elapsed)
Back end time                        0.01 (CPU)       0.00 (elapsed)
Total compilation time               0.08 (CPU)       0.00 (elapsed)
configure:3742: $? = 0
configure:3742: result: yes
configure:3742: checking limits.h presence
configure:3742: ccache icc -E -Wdate-time -D_FORTIFY_SOURCE=2 conftest.c
Front end time                       0.01 (CPU)       0.00 (elapsed)
Total compilation time               0.01 (CPU)       0.00 (elapsed)
configure:3742: $? = 0
configure:3742: result: yes
configure:3742: checking for limits.h
configure:3742: result: yes
configure:3830: checking return type of signal handlers
configure:3848: ccache icc -c -g -O2 -fdebug-prefix-map=/dev/shm/mawk/mawk-1.3.3=. -Wformat -march=native -pipe -fstack-security-check -Wformat-security -Wdate-time -D_FORTIFY_SOURCE=2 conftest.c >&5
icc: command line warning #10006: ignoring unknown option '-fdebug-prefix-map=/dev/shm/mawk/mawk-1.3.3=.'
conftest.c(27): error: operand of "*" must be a pointer
  return *(signal (0, 0)) (0) == 1;
          ^

Front end time                       0.03 (CPU)       0.00 (elapsed)
Total compilation time               0.03 (CPU)       0.00 (elapsed)
compilation aborted for conftest.c (code 2)
configure:3848: $? = 2
configure: failed program was:
| /* confdefs.h */
| #define PACKAGE_NAME ""
| #define PACKAGE_TARNAME ""
| #define PACKAGE_VERSION ""
| #define PACKAGE_STRING ""
| #define PACKAGE_BUGREPORT ""
| #define PACKAGE_URL ""
| #define STDC_HEADERS 1
| #define HAVE_SYS_TYPES_H 1
| #define HAVE_SYS_STAT_H 1
| #define HAVE_STDLIB_H 1
| #define HAVE_STRING_H 1
| #define HAVE_MEMORY_H 1
| #define HAVE_STRINGS_H 1
| #define HAVE_INTTYPES_H 1
| #define HAVE_STDINT_H 1
| #define HAVE_UNISTD_H 1
| #define NO_FPRINTF_IN_STDIO 1
| #define NO_SPRINTF_IN_STDIO 1
| /* end confdefs.h.  */
| #include <sys/types.h>
| #include <signal.h>
| 
| int
| main ()
| {
| return *(signal (0, 0)) (0) == 1;
|   ;
|   return 0;
| }
configure:3855: result: void
configure:4218: creating ./config.status

## ---------------------- ##
## Running config.status. ##
## ---------------------- ##

This file was extended by config.status, which was
generated by GNU Autoconf 2.68.  Invocation command line was

  CONFIG_FILES    = 
  CONFIG_HEADERS  = 
  CONFIG_LINKS    = 
  CONFIG_COMMANDS = 
  $ ./config.status 

on server

config.status:740: creating Makefile
configure:5231: WARNING: unrecognized options: --disable-silent-rules, --disable-maintainer-mode, --disable-dependency-tracking

## ---------------- ##
## Cache variables. ##
## ---------------- ##

ac_cv_c_compiler_gnu=yes
ac_cv_c_const=yes
ac_cv_env_CC_set=set
ac_cv_env_CC_value='ccache icc'
ac_cv_env_CFLAGS_set=set
ac_cv_env_CFLAGS_value='-g -O2 -fdebug-prefix-map=/dev/shm/mawk/mawk-1.3.3=. -Wformat -march=native -pipe -fstack-security-check -Wformat-security'
ac_cv_env_CPPFLAGS_set=set
ac_cv_env_CPPFLAGS_value='-Wdate-time -D_FORTIFY_SOURCE=2'
ac_cv_env_CPP_set=set
ac_cv_env_CPP_value='ccache icc -E'
ac_cv_env_LDFLAGS_set=set
ac_cv_env_LDFLAGS_value='-Wl,-z,relro -Wl,--as-needed,--gc-sections,--relax'
ac_cv_env_LIBS_set=
ac_cv_env_LIBS_value=
ac_cv_env_build_alias_set=set
ac_cv_env_build_alias_value=x86_64-linux-gnu
ac_cv_env_host_alias_set=
ac_cv_env_host_alias_value=
ac_cv_env_target_alias_set=
ac_cv_env_target_alias_value=
ac_cv_func_fmod=yes
ac_cv_func_matherr=yes
ac_cv_func_memcpy=yes
ac_cv_func_strchr=yes
ac_cv_func_strerror=yes
ac_cv_func_strtod=yes
ac_cv_func_vfprintf=yes
ac_cv_header_errno_h=yes
ac_cv_header_fcntl_h=yes
ac_cv_header_inttypes_h=yes
ac_cv_header_limits_h=yes
ac_cv_header_memory_h=yes
ac_cv_header_stdarg_h=yes
ac_cv_header_stdc=yes
ac_cv_header_stddef_h=yes
ac_cv_header_stdint_h=yes
ac_cv_header_stdlib_h=yes
ac_cv_header_string_h=yes
ac_cv_header_strings_h=yes
ac_cv_header_sys_stat_h=yes
ac_cv_header_sys_types_h=yes
ac_cv_header_time_h=yes
ac_cv_header_unistd_h=yes
ac_cv_lib_m_log=yes
ac_cv_objext=o
ac_cv_path_EGREP='/bin/grep -E'
ac_cv_path_GREP=/bin/grep
ac_cv_prog_CC='ccache icc'
ac_cv_prog_CPP='ccache icc -E'
ac_cv_prog_YACC=bison
ac_cv_prog_cc_c89=
ac_cv_prog_cc_g=yes
ac_cv_type_signal=void

## ----------------- ##
## Output variables. ##
## ----------------- ##

BINDIR='/usr/local/bin'
CC='ccache icc'
CFLAGS='-g -O2 -fdebug-prefix-map=/dev/shm/mawk/mawk-1.3.3=. -Wformat -march=native -pipe -fstack-security-check -Wformat-security'
CPP='ccache icc -E'
CPPFLAGS='-Wdate-time -D_FORTIFY_SOURCE=2'
DEFS='-DPACKAGE_NAME=\"\" -DPACKAGE_TARNAME=\"\" -DPACKAGE_VERSION=\"\" -DPACKAGE_STRING=\"\" -DPACKAGE_BUGREPORT=\"\" -DPACKAGE_URL=\"\" -DSTDC_HEADERS=1 -DHAVE_SYS_TYPES_H=1 -DHAVE_SYS_STAT_H=1 -DHAVE_STDLIB_H=1 -DHAVE_STRING_H=1 -DHAVE_MEMORY_H=1 -DHAVE_STRINGS_H=1 -DHAVE_INTTYPES_H=1 -DHAVE_STDINT_H=1 -DHAVE_UNISTD_H=1 -DNO_FPRINTF_IN_STDIO=1 -DNO_SPRINTF_IN_STDIO=1 -DRETSIGTYPE=void'
ECHO_C=''
ECHO_N='-n'
ECHO_T=''
EGREP='/bin/grep -E'
EXEEXT=''
GREP='/bin/grep'
LDFLAGS='-Wl,-z,relro -Wl,--as-needed,--gc-sections,--relax'
LIBOBJS=''
LIBS=' -lm'
LTLIBOBJS=''
MANDIR='/usr/local/man/man1'
MANEXT='1'
MATHLIB='-lm'
OBJEXT='o'
PACKAGE_BUGREPORT=''
PACKAGE_NAME=''
PACKAGE_STRING=''
PACKAGE_TARNAME=''
PACKAGE_URL=''
PACKAGE_VERSION=''
PATH_SEPARATOR=':'
SHELL='/bin/bash'
YACC='bison -y'
ac_ct_CC=''
bindir='${exec_prefix}/bin'
build_alias='x86_64-linux-gnu'
datadir='${datarootdir}'
datarootdir='${prefix}/share'
docdir='${datarootdir}/doc/${PACKAGE}'
dvidir='${docdir}'
exec_prefix='${prefix}'
host_alias=''
htmldir='${docdir}'
includedir='${prefix}/include'
infodir='${prefix}/share/info'
libdir='${prefix}/lib/x86_64-linux-gnu'
libexecdir='${prefix}/lib/x86_64-linux-gnu'
localedir='${datarootdir}/locale'
localstatedir='/var'
mandir='${prefix}/share/man'
oldincludedir='/usr/include'
pdfdir='${docdir}'
prefix='/usr'
program_transform_name='s,x,x,'
psdir='${docdir}'
sbindir='${exec_prefix}/sbin'
sharedstatedir='${prefix}/com'
sysconfdir='/etc'
target_alias=''

## ----------- ##
## confdefs.h. ##
## ----------- ##

/* confdefs.h */
#define PACKAGE_NAME ""
#define PACKAGE_TARNAME ""
#define PACKAGE_VERSION ""
#define PACKAGE_STRING ""
#define PACKAGE_BUGREPORT ""
#define PACKAGE_URL ""
#define STDC_HEADERS 1
#define HAVE_SYS_TYPES_H 1
#define HAVE_SYS_STAT_H 1
#define HAVE_STDLIB_H 1
#define HAVE_STRING_H 1
#define HAVE_MEMORY_H 1
#define HAVE_STRINGS_H 1
#define HAVE_INTTYPES_H 1
#define HAVE_STDINT_H 1
#define HAVE_UNISTD_H 1
#define NO_FPRINTF_IN_STDIO 1
#define NO_SPRINTF_IN_STDIO 1
#define RETSIGTYPE void

configure: exit 0
